[2021-05-16T14:28:45.482268+02:00] PHP_BASICS.INFO: SELECT * FROM tasks [] []
[2021-05-16T14:29:05.342418+02:00] PHP_BASICS.INFO: SELECT * FROM tasks [] []
[2021-05-16T14:29:07.078897+02:00] PHP_BASICS.INFO: SELECT * FROM tasks WHERE completed = 0 [] []
[2021-05-16T14:29:08.262062+02:00] PHP_BASICS.INFO: SELECT * FROM tasks [] []
[2021-05-16T14:29:09.262716+02:00] PHP_BASICS.INFO: SELECT * FROM tasks WHERE completed = 1 [] []
[2021-05-16T14:29:10.589111+02:00] PHP_BASICS.INFO: SELECT * FROM tasks WHERE completed = 0 [] []
[2021-05-16T14:36:45.392398+02:00] PHP_BASICS.INFO: INSERT INTO tasks (description) VALUES (?) [] []
[2021-05-16T14:36:45.567887+02:00] PHP_BASICS.INFO: SELECT * FROM tasks WHERE completed = 0 [] []
[2021-05-17T10:40:08.246499+02:00] PHP_BASICS.INFO: DELETE FROM tasks WHERE id = 4 [] []
[2021-05-17T10:40:08.538868+02:00] PHP_BASICS.INFO: SELECT * FROM tasks WHERE completed = 0 [] []
[2021-05-17T10:40:30.313554+02:00] PHP_BASICS.INFO: DELETE FROM tasks WHERE id = 3 [] []
[2021-05-17T10:40:30.500023+02:00] PHP_BASICS.INFO: SELECT * FROM tasks WHERE completed = 0 [] []
[2021-05-17T10:40:33.934935+02:00] PHP_BASICS.INFO: SELECT * FROM tasks WHERE completed = 0 [] []
[2021-05-17T10:40:47.724354+02:00] PHP_BASICS.INFO: INSERT INTO tasks (description) VALUES (?) [] []
[2021-05-17T10:40:47.881460+02:00] PHP_BASICS.INFO: SELECT * FROM tasks WHERE completed = 0 [] []
[2021-05-17T10:40:49.707314+02:00] PHP_BASICS.INFO: SELECT * FROM tasks WHERE completed = 0 [] []
[2021-05-17T10:40:51.580716+02:00] PHP_BASICS.INFO: SELECT * FROM tasks WHERE completed = 1 [] []
[2021-05-17T10:40:53.010604+02:00] PHP_BASICS.INFO: SELECT * FROM tasks WHERE completed = 0 [] []
[2021-05-17T10:52:49.696412+02:00] PHP_BASICS.INFO: SELECT * FROM tasks [] []
[2021-05-17T11:07:24.391682+02:00] PHP_BASICS.INFO: UPDATE tasks SET completed = ?  WHERE id = 1 [] []
[2021-05-17T11:07:24.625219+02:00] PHP_BASICS.INFO: SELECT * FROM tasks [] []
[2021-05-17T11:07:26.937123+02:00] PHP_BASICS.INFO: UPDATE tasks SET completed = ?  WHERE id = 2 [] []
[2021-05-17T11:07:27.108497+02:00] PHP_BASICS.INFO: SELECT * FROM tasks [] []
[2021-05-17T11:07:28.240583+02:00] PHP_BASICS.INFO: UPDATE tasks SET completed = ?  WHERE id = 5 [] []
[2021-05-17T11:07:28.411019+02:00] PHP_BASICS.INFO: SELECT * FROM tasks [] []
[2021-05-17T11:07:29.609601+02:00] PHP_BASICS.INFO: SELECT * FROM tasks WHERE completed = 0 [] []
[2021-05-17T11:07:31.149181+02:00] PHP_BASICS.INFO: SELECT * FROM tasks WHERE completed = 1 [] []
[2021-05-17T11:07:33.079509+02:00] PHP_BASICS.INFO: SELECT * FROM tasks WHERE completed = 1 [] []
[2021-05-17T11:07:36.307135+02:00] PHP_BASICS.INFO: UPDATE tasks SET completed = ?  WHERE id = 2 [] []
[2021-05-17T11:07:36.475554+02:00] PHP_BASICS.INFO: SELECT * FROM tasks WHERE completed = 1 [] []
[2021-05-17T11:07:38.005305+02:00] PHP_BASICS.INFO: SELECT * FROM tasks WHERE completed = 0 [] []
[2021-05-17T11:07:40.656453+02:00] PHP_BASICS.INFO: SELECT * FROM tasks [] []
[2021-05-17T11:07:43.465822+02:00] PHP_BASICS.INFO: UPDATE tasks SET completed = ?  WHERE id = 5 [] []
[2021-05-17T11:07:43.636807+02:00] PHP_BASICS.INFO: SELECT * FROM tasks [] []
[2021-05-17T11:07:45.150604+02:00] PHP_BASICS.INFO: SELECT * FROM tasks WHERE completed = 0 [] []
[2021-05-17T11:07:46.365675+02:00] PHP_BASICS.INFO: SELECT * FROM tasks WHERE completed = 1 [] []
[2021-05-17T11:21:16.968564+02:00] PHP_BASICS.INFO: SELECT * FROM tasks [] []
